
*** Running vivado
    with args -log ublaze_SEG7_0_1.vds -m64 -product Vivado -mode batch -messageDb vivado.pb -notrace -source ublaze_SEG7_0_1.tcl


****** Vivado v2019.1.2 (64-bit)
  **** SW Build 2615518 on Fri Aug  9 15:55:25 MDT 2019
  **** IP Build 2614745 on Fri Aug  9 20:55:02 MDT 2019
    ** Copyright 1986-2019 Xilinx, Inc. All Rights Reserved.

source ublaze_SEG7_0_1.tcl -notrace
INFO: [IP_Flow 19-234] Refreshing IP repositories
INFO: [IP_Flow 19-1700] Loaded user IP repository 'c:/Users/geoflois31/Documents/IP'.
INFO: [IP_Flow 19-2313] Loaded Vivado IP repository 'C:/PROGRAMS/Xilinx/Vivado/2019.1/data/ip'.
Command: synth_design -top ublaze_SEG7_0_1 -part xc7a35tcpg236-1 -mode out_of_context
Starting synth_design
Attempting to get a license for feature 'Synthesis' and/or device 'xc7a35t'
INFO: [Common 17-349] Got license for feature 'Synthesis' and/or device 'xc7a35t'
INFO: [Device 21-403] Loading part xc7a35tcpg236-1
INFO: Launching helper process for spawning children vivado processes
INFO: Helper process launched with PID 6884 
---------------------------------------------------------------------------------
Starting RTL Elaboration : Time (s): cpu = 00:00:03 ; elapsed = 00:00:03 . Memory (MB): peak = 719.375 ; gain = 177.406
---------------------------------------------------------------------------------
INFO: [Synth 8-638] synthesizing module 'ublaze_SEG7_0_1' [c:/Users/geoflois31/Documents/Partie3/TP_Micro1.srcs/sources_1/bd/ublaze/ip/ublaze_SEG7_0_1/synth/ublaze_SEG7_0_1.vhd:84]
	Parameter C_S00_AXI_DATA_WIDTH bound to: 32 - type: integer 
	Parameter C_S00_AXI_ADDR_WIDTH bound to: 4 - type: integer 
INFO: [Synth 8-3491] module 'SEG7_v1_0' declared at 'c:/Users/geoflois31/Documents/Partie3/TP_Micro1.srcs/sources_1/bd/ublaze/ipshared/4864/hdl/SEG7_v1_0.vhd:5' bound to instance 'U0' of component 'SEG7_v1_0' [c:/Users/geoflois31/Documents/Partie3/TP_Micro1.srcs/sources_1/bd/ublaze/ip/ublaze_SEG7_0_1/synth/ublaze_SEG7_0_1.vhd:150]
INFO: [Synth 8-638] synthesizing module 'SEG7_v1_0' [c:/Users/geoflois31/Documents/Partie3/TP_Micro1.srcs/sources_1/bd/ublaze/ipshared/4864/hdl/SEG7_v1_0.vhd:50]
	Parameter C_S00_AXI_DATA_WIDTH bound to: 32 - type: integer 
	Parameter C_S00_AXI_ADDR_WIDTH bound to: 4 - type: integer 
	Parameter C_S_AXI_DATA_WIDTH bound to: 32 - type: integer 
	Parameter C_S_AXI_ADDR_WIDTH bound to: 4 - type: integer 
INFO: [Synth 8-3491] module 'SEG7_v1_0_S00_AXI' declared at 'c:/Users/geoflois31/Documents/Partie3/TP_Micro1.srcs/sources_1/bd/ublaze/ipshared/4864/hdl/SEG7_v1_0_S00_AXI.vhd:5' bound to instance 'SEG7_v1_0_S00_AXI_inst' of component 'SEG7_v1_0_S00_AXI' [c:/Users/geoflois31/Documents/Partie3/TP_Micro1.srcs/sources_1/bd/ublaze/ipshared/4864/hdl/SEG7_v1_0.vhd:89]
INFO: [Synth 8-638] synthesizing module 'SEG7_v1_0_S00_AXI' [c:/Users/geoflois31/Documents/Partie3/TP_Micro1.srcs/sources_1/bd/ublaze/ipshared/4864/hdl/SEG7_v1_0_S00_AXI.vhd:89]
	Parameter C_S_AXI_DATA_WIDTH bound to: 32 - type: integer 
	Parameter C_S_AXI_ADDR_WIDTH bound to: 4 - type: integer 
INFO: [Synth 8-226] default block is never used [c:/Users/geoflois31/Documents/Partie3/TP_Micro1.srcs/sources_1/bd/ublaze/ipshared/4864/hdl/SEG7_v1_0_S00_AXI.vhd:262]
INFO: [Synth 8-226] default block is never used [c:/Users/geoflois31/Documents/Partie3/TP_Micro1.srcs/sources_1/bd/ublaze/ipshared/4864/hdl/SEG7_v1_0_S00_AXI.vhd:392]
WARNING: [Synth 8-6014] Unused sequential element loc_addr_reg was removed.  [c:/Users/geoflois31/Documents/Partie3/TP_Micro1.srcs/sources_1/bd/ublaze/ipshared/4864/hdl/SEG7_v1_0_S00_AXI.vhd:260]
INFO: [Synth 8-256] done synthesizing module 'SEG7_v1_0_S00_AXI' (1#1) [c:/Users/geoflois31/Documents/Partie3/TP_Micro1.srcs/sources_1/bd/ublaze/ipshared/4864/hdl/SEG7_v1_0_S00_AXI.vhd:89]
INFO: [Synth 8-256] done synthesizing module 'SEG7_v1_0' (2#1) [c:/Users/geoflois31/Documents/Partie3/TP_Micro1.srcs/sources_1/bd/ublaze/ipshared/4864/hdl/SEG7_v1_0.vhd:50]
INFO: [Synth 8-256] done synthesizing module 'ublaze_SEG7_0_1' (3#1) [c:/Users/geoflois31/Documents/Partie3/TP_Micro1.srcs/sources_1/bd/ublaze/ip/ublaze_SEG7_0_1/synth/ublaze_SEG7_0_1.vhd:84]
WARNING: [Synth 8-3331] design SEG7_v1_0_S00_AXI has unconnected port S_AXI_AWPROT[2]
WARNING: [Synth 8-3331] design SEG7_v1_0_S00_AXI has unconnected port S_AXI_AWPROT[1]
WARNING: [Synth 8-3331] design SEG7_v1_0_S00_AXI has unconnected port S_AXI_AWPROT[0]
WARNING: [Synth 8-3331] design SEG7_v1_0_S00_AXI has unconnected port S_AXI_ARPROT[2]
WARNING: [Synth 8-3331] design SEG7_v1_0_S00_AXI has unconnected port S_AXI_ARPROT[1]
WARNING: [Synth 8-3331] design SEG7_v1_0_S00_AXI has unconnected port S_AXI_ARPROT[0]
---------------------------------------------------------------------------------
Finished RTL Elaboration : Time (s): cpu = 00:00:04 ; elapsed = 00:00:04 . Memory (MB): peak = 787.016 ; gain = 245.047
---------------------------------------------------------------------------------

Report Check Netlist: 
+------+------------------+-------+---------+-------+------------------+
|      |Item              |Errors |Warnings |Status |Description       |
+------+------------------+-------+---------+-------+------------------+
|1     |multi_driven_nets |      0|        0|Passed |Multi driven nets |
+------+------------------+-------+---------+-------+------------------+
---------------------------------------------------------------------------------
Start Handling Custom Attributes
---------------------------------------------------------------------------------
---------------------------------------------------------------------------------
Finished Handling Custom Attributes : Time (s): cpu = 00:00:04 ; elapsed = 00:00:04 . Memory (MB): peak = 787.016 ; gain = 245.047
---------------------------------------------------------------------------------
---------------------------------------------------------------------------------
Finished RTL Optimization Phase 1 : Time (s): cpu = 00:00:04 ; elapsed = 00:00:04 . Memory (MB): peak = 787.016 ; gain = 245.047
---------------------------------------------------------------------------------
INFO: [Project 1-570] Preparing netlist for logic optimization

Processing XDC Constraints
Initializing timing engine
Completed Processing XDC Constraints

Netlist sorting complete. Time (s): cpu = 00:00:00 ; elapsed = 00:00:00 . Memory (MB): peak = 894.699 ; gain = 0.000
INFO: [Project 1-111] Unisim Transformation Summary:
No Unisim elements were transformed.

WARNING: [Constraints 18-5210] No constraints selected for write.
Resolution: This message can indicate that there are no constraints for the design, or it can indicate that the used_in flags are set such that the constraints are ignored. This later case is used when running synth_design to not write synthesis constraints to the resulting checkpoint. Instead, project constraints are read when the synthesized design is opened.
Constraint Validation Runtime : Time (s): cpu = 00:00:00 ; elapsed = 00:00:00.058 . Memory (MB): peak = 896.734 ; gain = 2.035
---------------------------------------------------------------------------------
Finished Constraint Validation : Time (s): cpu = 00:00:08 ; elapsed = 00:00:09 . Memory (MB): peak = 896.734 ; gain = 354.766
---------------------------------------------------------------------------------
---------------------------------------------------------------------------------
Start Loading Part and Timing Information
---------------------------------------------------------------------------------
Loading part: xc7a35tcpg236-1
---------------------------------------------------------------------------------
Finished Loading Part and Timing Information : Time (s): cpu = 00:00:08 ; elapsed = 00:00:09 . Memory (MB): peak = 896.734 ; gain = 354.766
---------------------------------------------------------------------------------
---------------------------------------------------------------------------------
Start Applying 'set_property' XDC Constraints
---------------------------------------------------------------------------------
---------------------------------------------------------------------------------
Finished applying 'set_property' XDC Constraints : Time (s): cpu = 00:00:08 ; elapsed = 00:00:09 . Memory (MB): peak = 896.734 ; gain = 354.766
---------------------------------------------------------------------------------
---------------------------------------------------------------------------------
Finished RTL Optimization Phase 2 : Time (s): cpu = 00:00:09 ; elapsed = 00:00:09 . Memory (MB): peak = 896.734 ; gain = 354.766
---------------------------------------------------------------------------------

Report RTL Partitions: 
+-+--------------+------------+----------+
| |RTL Partition |Replication |Instances |
+-+--------------+------------+----------+
+-+--------------+------------+----------+
---------------------------------------------------------------------------------
Start RTL Component Statistics 
---------------------------------------------------------------------------------
Detailed RTL Component Info : 
+---Adders : 
	   2 Input      3 Bit       Adders := 1     
+---Registers : 
	               32 Bit    Registers := 6     
	                8 Bit    Registers := 1     
	                4 Bit    Registers := 3     
	                2 Bit    Registers := 2     
	                1 Bit    Registers := 6     
+---Muxes : 
	   2 Input     32 Bit        Muxes := 4     
	   4 Input     32 Bit        Muxes := 5     
	   4 Input      8 Bit        Muxes := 1     
	   4 Input      2 Bit        Muxes := 1     
	   2 Input      1 Bit        Muxes := 5     
	   5 Input      1 Bit        Muxes := 1     
---------------------------------------------------------------------------------
Finished RTL Component Statistics 
---------------------------------------------------------------------------------
---------------------------------------------------------------------------------
Start RTL Hierarchical Component Statistics 
---------------------------------------------------------------------------------
Hierarchical RTL Component report 
Module SEG7_v1_0_S00_AXI 
Detailed RTL Component Info : 
+---Adders : 
	   2 Input      3 Bit       Adders := 1     
+---Registers : 
	               32 Bit    Registers := 6     
	                8 Bit    Registers := 1     
	                4 Bit    Registers := 3     
	                2 Bit    Registers := 2     
	                1 Bit    Registers := 6     
+---Muxes : 
	   2 Input     32 Bit        Muxes := 4     
	   4 Input     32 Bit        Muxes := 5     
	   4 Input      8 Bit        Muxes := 1     
	   4 Input      2 Bit        Muxes := 1     
	   2 Input      1 Bit        Muxes := 5     
	   5 Input      1 Bit        Muxes := 1     
---------------------------------------------------------------------------------
Finished RTL Hierarchical Component Statistics
---------------------------------------------------------------------------------
---------------------------------------------------------------------------------
Start Part Resource Summary
---------------------------------------------------------------------------------
Part Resources:
DSPs: 90 (col length:60)
BRAMs: 100 (col length: RAMB18 60 RAMB36 30)
---------------------------------------------------------------------------------
Finished Part Resource Summary
---------------------------------------------------------------------------------
---------------------------------------------------------------------------------
Start Cross Boundary and Area Optimization
---------------------------------------------------------------------------------
Warning: Parallel synthesis criteria is not met 
INFO: [Synth 8-5545] ROM "p_0_out" won't be mapped to RAM because address size (32) is larger than maximum supported(25)
WARNING: [Synth 8-3331] design ublaze_SEG7_0_1 has unconnected port s00_axi_awprot[2]
WARNING: [Synth 8-3331] design ublaze_SEG7_0_1 has unconnected port s00_axi_awprot[1]
WARNING: [Synth 8-3331] design ublaze_SEG7_0_1 has unconnected port s00_axi_awprot[0]
WARNING: [Synth 8-3331] design ublaze_SEG7_0_1 has unconnected port s00_axi_arprot[2]
WARNING: [Synth 8-3331] design ublaze_SEG7_0_1 has unconnected port s00_axi_arprot[1]
WARNING: [Synth 8-3331] design ublaze_SEG7_0_1 has unconnected port s00_axi_arprot[0]
INFO: [Synth 8-3886] merging instance 'U0/SEG7_v1_0_S00_AXI_inst/anode_reg[30]' (FDRE) to 'U0/SEG7_v1_0_S00_AXI_inst/anode_reg[31]'
INFO: [Synth 8-3886] merging instance 'U0/SEG7_v1_0_S00_AXI_inst/anode_reg[31]' (FDRE) to 'U0/SEG7_v1_0_S00_AXI_inst/anode_reg[29]'
INFO: [Synth 8-3886] merging instance 'U0/SEG7_v1_0_S00_AXI_inst/anode_reg[29]' (FDRE) to 'U0/SEG7_v1_0_S00_AXI_inst/anode_reg[28]'
INFO: [Synth 8-3886] merging instance 'U0/SEG7_v1_0_S00_AXI_inst/anode_reg[28]' (FDRE) to 'U0/SEG7_v1_0_S00_AXI_inst/anode_reg[27]'
INFO: [Synth 8-3886] merging instance 'U0/SEG7_v1_0_S00_AXI_inst/anode_reg[27]' (FDRE) to 'U0/SEG7_v1_0_S00_AXI_inst/anode_reg[26]'
INFO: [Synth 8-3886] merging instance 'U0/SEG7_v1_0_S00_AXI_inst/anode_reg[26]' (FDRE) to 'U0/SEG7_v1_0_S00_AXI_inst/anode_reg[25]'
INFO: [Synth 8-3886] merging instance 'U0/SEG7_v1_0_S00_AXI_inst/anode_reg[25]' (FDRE) to 'U0/SEG7_v1_0_S00_AXI_inst/anode_reg[24]'
INFO: [Synth 8-3886] merging instance 'U0/SEG7_v1_0_S00_AXI_inst/anode_reg[24]' (FDRE) to 'U0/SEG7_v1_0_S00_AXI_inst/anode_reg[23]'
INFO: [Synth 8-3886] merging instance 'U0/SEG7_v1_0_S00_AXI_inst/anode_reg[23]' (FDRE) to 'U0/SEG7_v1_0_S00_AXI_inst/anode_reg[22]'
INFO: [Synth 8-3886] merging instance 'U0/SEG7_v1_0_S00_AXI_inst/anode_reg[22]' (FDRE) to 'U0/SEG7_v1_0_S00_AXI_inst/anode_reg[21]'
INFO: [Synth 8-3886] merging instance 'U0/SEG7_v1_0_S00_AXI_inst/anode_reg[21]' (FDRE) to 'U0/SEG7_v1_0_S00_AXI_inst/anode_reg[20]'
INFO: [Synth 8-3886] merging instance 'U0/SEG7_v1_0_S00_AXI_inst/anode_reg[20]' (FDRE) to 'U0/SEG7_v1_0_S00_AXI_inst/anode_reg[19]'
INFO: [Synth 8-3886] merging instance 'U0/SEG7_v1_0_S00_AXI_inst/anode_reg[19]' (FDRE) to 'U0/SEG7_v1_0_S00_AXI_inst/anode_reg[18]'
INFO: [Synth 8-3886] merging instance 'U0/SEG7_v1_0_S00_AXI_inst/anode_reg[18]' (FDRE) to 'U0/SEG7_v1_0_S00_AXI_inst/anode_reg[17]'
INFO: [Synth 8-3886] merging instance 'U0/SEG7_v1_0_S00_AXI_inst/anode_reg[17]' (FDRE) to 'U0/SEG7_v1_0_S00_AXI_inst/anode_reg[16]'
INFO: [Synth 8-3886] merging instance 'U0/SEG7_v1_0_S00_AXI_inst/anode_reg[16]' (FDRE) to 'U0/SEG7_v1_0_S00_AXI_inst/anode_reg[15]'
INFO: [Synth 8-3886] merging instance 'U0/SEG7_v1_0_S00_AXI_inst/anode_reg[15]' (FDRE) to 'U0/SEG7_v1_0_S00_AXI_inst/anode_reg[14]'
INFO: [Synth 8-3886] merging instance 'U0/SEG7_v1_0_S00_AXI_inst/anode_reg[14]' (FDRE) to 'U0/SEG7_v1_0_S00_AXI_inst/anode_reg[13]'
INFO: [Synth 8-3886] merging instance 'U0/SEG7_v1_0_S00_AXI_inst/anode_reg[13]' (FDRE) to 'U0/SEG7_v1_0_S00_AXI_inst/anode_reg[12]'
INFO: [Synth 8-3886] merging instance 'U0/SEG7_v1_0_S00_AXI_inst/anode_reg[12]' (FDRE) to 'U0/SEG7_v1_0_S00_AXI_inst/anode_reg[11]'
INFO: [Synth 8-3886] merging instance 'U0/SEG7_v1_0_S00_AXI_inst/anode_reg[11]' (FDRE) to 'U0/SEG7_v1_0_S00_AXI_inst/anode_reg[10]'
INFO: [Synth 8-3886] merging instance 'U0/SEG7_v1_0_S00_AXI_inst/anode_reg[10]' (FDRE) to 'U0/SEG7_v1_0_S00_AXI_inst/anode_reg[9]'
INFO: [Synth 8-3886] merging instance 'U0/SEG7_v1_0_S00_AXI_inst/anode_reg[9]' (FDRE) to 'U0/SEG7_v1_0_S00_AXI_inst/anode_reg[8]'
INFO: [Synth 8-3886] merging instance 'U0/SEG7_v1_0_S00_AXI_inst/anode_reg[8]' (FDRE) to 'U0/SEG7_v1_0_S00_AXI_inst/anode_reg[7]'
INFO: [Synth 8-3886] merging instance 'U0/SEG7_v1_0_S00_AXI_inst/anode_reg[7]' (FDRE) to 'U0/SEG7_v1_0_S00_AXI_inst/anode_reg[6]'
INFO: [Synth 8-3886] merging instance 'U0/SEG7_v1_0_S00_AXI_inst/anode_reg[6]' (FDRE) to 'U0/SEG7_v1_0_S00_AXI_inst/anode_reg[5]'
INFO: [Synth 8-3886] merging instance 'U0/SEG7_v1_0_S00_AXI_inst/anode_reg[5]' (FDRE) to 'U0/SEG7_v1_0_S00_AXI_inst/anode_reg[4]'
INFO: [Synth 8-3886] merging instance 'U0/SEG7_v1_0_S00_AXI_inst/anode_reg[4]' (FDRE) to 'U0/SEG7_v1_0_S00_AXI_inst/anode_reg[3]'
INFO: [Synth 8-3333] propagating constant 0 across sequential element (\U0/SEG7_v1_0_S00_AXI_inst/anode_reg[3] )
INFO: [Synth 8-3333] propagating constant 0 across sequential element (\U0/SEG7_v1_0_S00_AXI_inst/anode_reg[2] )
INFO: [Synth 8-3886] merging instance 'U0/SEG7_v1_0_S00_AXI_inst/axi_rresp_reg[0]' (FDRE) to 'U0/SEG7_v1_0_S00_AXI_inst/axi_rresp_reg[1]'
INFO: [Synth 8-3333] propagating constant 0 across sequential element (\U0/SEG7_v1_0_S00_AXI_inst/axi_rresp_reg[1] )
INFO: [Synth 8-3886] merging instance 'U0/SEG7_v1_0_S00_AXI_inst/axi_bresp_reg[0]' (FDRE) to 'U0/SEG7_v1_0_S00_AXI_inst/axi_bresp_reg[1]'
INFO: [Synth 8-3333] propagating constant 0 across sequential element (\U0/SEG7_v1_0_S00_AXI_inst/axi_bresp_reg[1] )
---------------------------------------------------------------------------------
Finished Cross Boundary and Area Optimization : Time (s): cpu = 00:00:10 ; elapsed = 00:00:11 . Memory (MB): peak = 896.734 ; gain = 354.766
---------------------------------------------------------------------------------

Report RTL Partitions: 
+-+--------------+------------+----------+
| |RTL Partition |Replication |Instances |
+-+--------------+------------+----------+
+-+--------------+------------+----------+
---------------------------------------------------------------------------------
Start Applying XDC Timing Constraints
---------------------------------------------------------------------------------
---------------------------------------------------------------------------------
Finished Applying XDC Timing Constraints : Time (s): cpu = 00:00:16 ; elapsed = 00:00:17 . Memory (MB): peak = 896.734 ; gain = 354.766
---------------------------------------------------------------------------------
---------------------------------------------------------------------------------
Start Timing Optimization
---------------------------------------------------------------------------------
---------------------------------------------------------------------------------
Finished Timing Optimization : Time (s): cpu = 00:00:16 ; elapsed = 00:00:17 . Memory (MB): peak = 896.734 ; gain = 354.766
---------------------------------------------------------------------------------

Report RTL Partitions: 
+-+--------------+------------+----------+
| |RTL Partition |Replication |Instances |
+-+--------------+------------+----------+
+-+--------------+------------+----------+
---------------------------------------------------------------------------------
Start Technology Mapping
---------------------------------------------------------------------------------
---------------------------------------------------------------------------------
Finished Technology Mapping : Time (s): cpu = 00:00:16 ; elapsed = 00:00:17 . Memory (MB): peak = 896.734 ; gain = 354.766
---------------------------------------------------------------------------------

Report RTL Partitions: 
+-+--------------+------------+----------+
| |RTL Partition |Replication |Instances |
+-+--------------+------------+----------+
+-+--------------+------------+----------+
---------------------------------------------------------------------------------
Start IO Insertion
---------------------------------------------------------------------------------
---------------------------------------------------------------------------------
Start Flattening Before IO Insertion
---------------------------------------------------------------------------------
---------------------------------------------------------------------------------
Finished Flattening Before IO Insertion
---------------------------------------------------------------------------------
---------------------------------------------------------------------------------
Start Final Netlist Cleanup
---------------------------------------------------------------------------------
---------------------------------------------------------------------------------
Finished Final Netlist Cleanup
---------------------------------------------------------------------------------
---------------------------------------------------------------------------------
Finished IO Insertion : Time (s): cpu = 00:00:18 ; elapsed = 00:00:19 . Memory (MB): peak = 903.414 ; gain = 361.445
---------------------------------------------------------------------------------

Report Check Netlist: 
+------+------------------+-------+---------+-------+------------------+
|      |Item              |Errors |Warnings |Status |Description       |
+------+------------------+-------+---------+-------+------------------+
|1     |multi_driven_nets |      0|        0|Passed |Multi driven nets |
+------+------------------+-------+---------+-------+------------------+
---------------------------------------------------------------------------------
Start Renaming Generated Instances
---------------------------------------------------------------------------------
---------------------------------------------------------------------------------
Finished Renaming Generated Instances : Time (s): cpu = 00:00:18 ; elapsed = 00:00:19 . Memory (MB): peak = 903.414 ; gain = 361.445
---------------------------------------------------------------------------------

Report RTL Partitions: 
+-+--------------+------------+----------+
| |RTL Partition |Replication |Instances |
+-+--------------+------------+----------+
+-+--------------+------------+----------+
---------------------------------------------------------------------------------
Start Rebuilding User Hierarchy
---------------------------------------------------------------------------------
---------------------------------------------------------------------------------
Finished Rebuilding User Hierarchy : Time (s): cpu = 00:00:18 ; elapsed = 00:00:19 . Memory (MB): peak = 903.414 ; gain = 361.445
---------------------------------------------------------------------------------
---------------------------------------------------------------------------------
Start Renaming Generated Ports
---------------------------------------------------------------------------------
---------------------------------------------------------------------------------
Finished Renaming Generated Ports : Time (s): cpu = 00:00:18 ; elapsed = 00:00:19 . Memory (MB): peak = 903.414 ; gain = 361.445
---------------------------------------------------------------------------------
---------------------------------------------------------------------------------
Start Handling Custom Attributes
---------------------------------------------------------------------------------
---------------------------------------------------------------------------------
Finished Handling Custom Attributes : Time (s): cpu = 00:00:18 ; elapsed = 00:00:19 . Memory (MB): peak = 903.414 ; gain = 361.445
---------------------------------------------------------------------------------
---------------------------------------------------------------------------------
Start Renaming Generated Nets
---------------------------------------------------------------------------------
---------------------------------------------------------------------------------
Finished Renaming Generated Nets : Time (s): cpu = 00:00:18 ; elapsed = 00:00:19 . Memory (MB): peak = 903.414 ; gain = 361.445
---------------------------------------------------------------------------------
---------------------------------------------------------------------------------
Start Writing Synthesis Report
---------------------------------------------------------------------------------

Report BlackBoxes: 
+-+--------------+----------+
| |BlackBox name |Instances |
+-+--------------+----------+
+-+--------------+----------+

Report Cell Usage: 
+------+-------+------+
|      |Cell   |Count |
+------+-------+------+
|1     |CARRY4 |     5|
|2     |LUT1   |     2|
|3     |LUT2   |     5|
|4     |LUT3   |     1|
|5     |LUT4   |    23|
|6     |LUT5   |     2|
|7     |LUT6   |    46|
|8     |FDRE   |   198|
|9     |FDSE   |     3|
+------+-------+------+

Report Instance Areas: 
+------+---------------------------+------------------+------+
|      |Instance                   |Module            |Cells |
+------+---------------------------+------------------+------+
|1     |top                        |                  |   285|
|2     |  U0                       |SEG7_v1_0         |   285|
|3     |    SEG7_v1_0_S00_AXI_inst |SEG7_v1_0_S00_AXI |   285|
+------+---------------------------+------------------+------+
---------------------------------------------------------------------------------
Finished Writing Synthesis Report : Time (s): cpu = 00:00:18 ; elapsed = 00:00:19 . Memory (MB): peak = 903.414 ; gain = 361.445
---------------------------------------------------------------------------------
Synthesis finished with 0 errors, 0 critical warnings and 6 warnings.
Synthesis Optimization Runtime : Time (s): cpu = 00:00:13 ; elapsed = 00:00:17 . Memory (MB): peak = 903.414 ; gain = 251.727
Synthesis Optimization Complete : Time (s): cpu = 00:00:18 ; elapsed = 00:00:19 . Memory (MB): peak = 903.414 ; gain = 361.445
INFO: [Project 1-571] Translating synthesized netlist
INFO: [Netlist 29-17] Analyzing 5 Unisim elements for replacement
INFO: [Netlist 29-28] Unisim Transformation completed in 0 CPU seconds
INFO: [Project 1-570] Preparing netlist for logic optimization
INFO: [Opt 31-138] Pushed 0 inverter(s) to 0 load pin(s).
Netlist sorting complete. Time (s): cpu = 00:00:00 ; elapsed = 00:00:00 . Memory (MB): peak = 919.648 ; gain = 0.000
INFO: [Project 1-111] Unisim Transformation Summary:
No Unisim elements were transformed.

INFO: [Common 17-83] Releasing license: Synthesis
59 Infos, 14 Warnings, 0 Critical Warnings and 0 Errors encountered.
synth_design completed successfully
synth_design: Time (s): cpu = 00:00:23 ; elapsed = 00:00:35 . Memory (MB): peak = 919.648 ; gain = 611.027
Netlist sorting complete. Time (s): cpu = 00:00:00 ; elapsed = 00:00:00.001 . Memory (MB): peak = 919.648 ; gain = 0.000
WARNING: [Constraints 18-5210] No constraints selected for write.
Resolution: This message can indicate that there are no constraints for the design, or it can indicate that the used_in flags are set such that the constraints are ignored. This later case is used when running synth_design to not write synthesis constraints to the resulting checkpoint. Instead, project constraints are read when the synthesized design is opened.
INFO: [Common 17-1381] The checkpoint 'C:/Users/geoflois31/Documents/Partie3/TP_Micro1.runs/ublaze_SEG7_0_1_synth_1/ublaze_SEG7_0_1.dcp' has been generated.
WARNING: [Common 17-576] 'use_project_ipc' is deprecated. This option is deprecated and no longer used.
INFO: [Coretcl 2-1648] Added synthesis output to IP cache for IP ublaze_SEG7_0_1, cache-ID = 1907eb5006a5f099
INFO: [Coretcl 2-1174] Renamed 2 cell refs.
Netlist sorting complete. Time (s): cpu = 00:00:00 ; elapsed = 00:00:00 . Memory (MB): peak = 919.648 ; gain = 0.000
WARNING: [Constraints 18-5210] No constraints selected for write.
Resolution: This message can indicate that there are no constraints for the design, or it can indicate that the used_in flags are set such that the constraints are ignored. This later case is used when running synth_design to not write synthesis constraints to the resulting checkpoint. Instead, project constraints are read when the synthesized design is opened.
INFO: [Common 17-1381] The checkpoint 'C:/Users/geoflois31/Documents/Partie3/TP_Micro1.runs/ublaze_SEG7_0_1_synth_1/ublaze_SEG7_0_1.dcp' has been generated.
INFO: [runtcl-4] Executing : report_utilization -file ublaze_SEG7_0_1_utilization_synth.rpt -pb ublaze_SEG7_0_1_utilization_synth.pb
INFO: [Common 17-206] Exiting Vivado at Thu Apr  2 12:17:50 2026...
