Copyright 1986-2019 Xilinx, Inc. All Rights Reserved.
--------------------------------------------------------------------------------------
| Tool Version : Vivado v.2019.1.2 (win64) Build 2615518 Fri Aug  9 15:55:25 MDT 2019
| Date         : Thu Apr  2 12:16:50 2026
| Host         : c304-pc4 running 64-bit major release  (build 9200)
| Command      : upgrade_ip
| Device       : xc7a35tcpg236-1
--------------------------------------------------------------------------------------

Upgrade Log for IP 'ublaze_SEG7_0_1'

1. Summary
----------

SUCCESS in the upgrade of ublaze_SEG7_0_1 (SMBEDU:user:SEG7:1.0) from (Rev. 12) to (Rev. 13)






Copyright 1986-2019 Xilinx, Inc. All Rights Reserved.
--------------------------------------------------------------------------------------
| Tool Version : Vivado v.2019.1.2 (win64) Build 2615518 Fri Aug  9 15:55:25 MDT 2019
| Date         : Thu Apr  2 12:07:12 2026
| Host         : c304-pc4 running 64-bit major release  (build 9200)
| Command      : upgrade_ip
| Device       : xc7a35tcpg236-1
--------------------------------------------------------------------------------------

Upgrade Log for IP 'ublaze_SEG7_0_1'

1. Summary
----------

SUCCESS in the upgrade of ublaze_SEG7_0_1 (SMBEDU:user:SEG7:1.0) from (Rev. 11) to (Rev. 12)






Copyright 1986-2019 Xilinx, Inc. All Rights Reserved.
--------------------------------------------------------------------------------------
| Tool Version : Vivado v.2019.1.2 (win64) Build 2615518 Fri Aug  9 15:55:25 MDT 2019
| Date         : Thu Apr  2 11:39:23 2026
| Host         : c304-pc4 running 64-bit major release  (build 9200)
| Command      : upgrade_ip
| Device       : xc7a35tcpg236-1
--------------------------------------------------------------------------------------

Upgrade Log for IP 'ublaze_SEG7_0_1'

1. Summary
----------

CAUTION (success, with warnings) in the upgrade of ublaze_SEG7_0_1 (SMBEDU:user:SEG7:1.0) from (Rev. 9) to (Rev. 11)

After upgrade, an IP may have parameter and port differences compared to the original customization. Please review the parameters within the IP customization GUI to ensure proper functionality. Also, please review the updated IP instantiation template to ensure proper connectivity, and update your design if required.

2. Connection Warnings
----------------------

Detected external port differences while upgrading 'ublaze_SEG7_0_1'. These changes may impact your design.


-Upgrade has removed port 'S_AXI_anode_0'

-Upgrade has removed port 'S_AXI_anode_1'

-Upgrade has removed port 'S_AXI_anode_2'

-Upgrade has removed port 'S_AXI_anode_3'

-Upgrade has added port 'S_AXI_anodes'







Copyright 1986-2019 Xilinx, Inc. All Rights Reserved.
--------------------------------------------------------------------------------------
| Tool Version : Vivado v.2019.1.2 (win64) Build 2615518 Fri Aug  9 15:55:25 MDT 2019
| Date         : Thu Apr  2 11:18:31 2026
| Host         : c304-pc4 running 64-bit major release  (build 9200)
| Command      : upgrade_ip
| Device       : xc7a35tcpg236-1
--------------------------------------------------------------------------------------

Upgrade Log for IP 'ublaze_SEG7_0_1'

1. Summary
----------

SUCCESS in the upgrade of ublaze_SEG7_0_1 (SMBEDU:user:SEG7:1.0) from (Rev. 8) to (Rev. 9)






Copyright 1986-2019 Xilinx, Inc. All Rights Reserved.
--------------------------------------------------------------------------------------
| Tool Version : Vivado v.2019.1.2 (win64) Build 2615518 Fri Aug  9 15:55:25 MDT 2019
| Date         : Thu Apr  2 11:09:29 2026
| Host         : c304-pc4 running 64-bit major release  (build 9200)
| Command      : upgrade_ip
| Device       : xc7a35tcpg236-1
--------------------------------------------------------------------------------------

Upgrade Log for IP 'ublaze_SEG7_0_1'

1. Summary
----------

CAUTION (success, with warnings) in the upgrade of ublaze_SEG7_0_1 (SMBEDU:user:SEG7:1.0) from (Rev. 7) to (Rev. 8)

After upgrade, an IP may have parameter and port differences compared to the original customization. Please review the parameters within the IP customization GUI to ensure proper functionality. Also, please review the updated IP instantiation template to ensure proper connectivity, and update your design if required.

2. Connection Warnings
----------------------

Detected external port differences while upgrading 'ublaze_SEG7_0_1'. These changes may impact your design.


-Upgrade has added port 'S_AXI_Data'

-Upgrade has added port 'S_AXI_anode_0'

-Upgrade has added port 'S_AXI_anode_1'

-Upgrade has added port 'S_AXI_anode_2'

-Upgrade has added port 'S_AXI_anode_3'







Copyright 1986-2019 Xilinx, Inc. All Rights Reserved.
--------------------------------------------------------------------------------------
| Tool Version : Vivado v.2019.1.2 (win64) Build 2615518 Fri Aug  9 15:55:25 MDT 2019
| Date         : Thu Apr  2 11:02:26 2026
| Host         : c304-pc4 running 64-bit major release  (build 9200)
| Command      : upgrade_ip
| Device       : xc7a35tcpg236-1
--------------------------------------------------------------------------------------

Upgrade Log for IP 'ublaze_SEG7_0_1'

1. Summary
----------

SUCCESS in the upgrade of ublaze_SEG7_0_1 (SMBEDU:user:SEG7:1.0) from (Rev. 5) to (Rev. 7)






Copyright 1986-2019 Xilinx, Inc. All Rights Reserved.
--------------------------------------------------------------------------------------
| Tool Version : Vivado v.2019.1.2 (win64) Build 2615518 Fri Aug  9 15:55:25 MDT 2019
| Date         : Thu Apr  2 10:59:26 2026
| Host         : c304-pc4 running 64-bit major release  (build 9200)
| Command      : upgrade_ip
| Device       : xc7a35tcpg236-1
--------------------------------------------------------------------------------------

Upgrade Log for IP 'ublaze_SEG7_0_1'

1. Summary
----------

SUCCESS in the upgrade of ublaze_SEG7_0_1 (SMBEDU:user:SEG7:1.0) from (Rev. 4) to (Rev. 5)

