14:13:27 INFO  : Registering command handlers for SDK TCF services
14:13:27 INFO  : Launching XSCT server: xsct.bat -interactive C:\Users\geoflois31\Microelectronique\TP_Micro1\temp_xsdb_launch_script.tcl
14:13:29 INFO  : XSCT server has started successfully.
14:13:29 INFO  : Successfully done setting XSCT server connection channel  
14:13:29 INFO  : Successfully done setting SDK workspace  
14:13:45 ERROR : The Hardware Project referenced by this BSP (Test_SEG7_bsp) was not found in this workspace. As a result, this BSP will not build properly. To fix this error, please import the associated hardware project or recreate a new BSP targeting an existing hardware platform.
14:16:07 INFO  : Connected to target on host '127.0.0.1' and port '3121'.
14:16:07 INFO  : 'targets -set -filter {jtag_cable_name =~ "Digilent Basys3 210183A75E1AA" && level==0} -index 0' command is executed.
14:16:08 INFO  : FPGA configured successfully with bitstream "C:/Users/geoflois31/Microelectronique/TP_Micro1/TP_Micro1.sdk/ublaze_wrapper_hw_platform_0/download.bit"
14:16:17 INFO  : 'targets -set -filter {jtag_cable_name =~ "Digilent Basys3 210183A75E1AA" && level==0} -index 0' command is executed.
14:16:17 INFO  : 'fpga -state' command is executed.
14:16:17 INFO  : Connected to target on host '127.0.0.1' and port '3121'.
14:16:17 INFO  : Jtag cable 'Digilent Basys3 210183A75E1AA' is selected.
14:16:17 INFO  : 'jtag frequency' command is executed.
14:16:17 INFO  : 'configparams mdm-detect-bscan-mask 2' command is executed.
14:16:17 INFO  : Context for processor 'microblaze_0' is selected.
14:16:17 INFO  : Processor reset is completed for 'microblaze_0'.
14:16:17 INFO  : Context for processor 'microblaze_0' is selected.
14:16:17 INFO  : The application 'C:/Users/geoflois31/Microelectronique/TP_Micro1/Timer/Debug/Timer.elf' is downloaded to processor 'microblaze_0'.
14:16:17 INFO  : ----------------XSDB Script----------------
connect -url tcp:127.0.0.1:3121
configparams mdm-detect-bscan-mask 2
targets -set -nocase -filter {name =~ "microblaze*#0" && bscan=="USER2"  && jtag_cable_name =~ "Digilent Basys3 210183A75E1AA"} -index 0
rst -processor
targets -set -nocase -filter {name =~ "microblaze*#0" && bscan=="USER2"  && jtag_cable_name =~ "Digilent Basys3 210183A75E1AA"} -index 0
dow C:/Users/geoflois31/Microelectronique/TP_Micro1/Timer/Debug/Timer.elf
----------------End of Script----------------

14:16:17 INFO  : Memory regions updated for context MicroBlaze #0
14:16:17 INFO  : Memory regions updated for context MicroBlaze #0
14:16:17 INFO  : Context for processor 'microblaze_0' is selected.
14:16:17 INFO  : 'con' command is executed.
14:16:17 INFO  : ----------------XSDB Script (After Launch)----------------
targets -set -nocase -filter {name =~ "microblaze*#0" && bscan=="USER2"  && jtag_cable_name =~ "Digilent Basys3 210183A75E1AA"} -index 0
con
----------------End of Script----------------

14:16:17 INFO  : Launch script is exported to file 'C:\Users\geoflois31\Microelectronique\TP_Micro1\.sdk\launch_scripts\xilinx_c-c++_application_(system_debugger)\system_debugger_using_debug_timer.elf_on_local.tcl'
14:18:29 INFO  : Disconnected from the channel tcfchan#1.
