Copyright 1986-2019 Xilinx, Inc. All Rights Reserved.
-------------------------------------------------------------------------------------------
| Tool Version : Vivado v.2019.1.2 (win64) Build 2615518 Fri Aug  9 15:55:25 MDT 2019
| Date         : Thu Apr  2 12:19:44 2026
| Host         : c304-pc4 running 64-bit major release  (build 9200)
| Command      : report_control_sets -verbose -file ublaze_wrapper_control_sets_placed.rpt
| Design       : ublaze_wrapper
| Device       : xc7a35t
-------------------------------------------------------------------------------------------

Control Set Information

Table of Contents
-----------------
1. Summary
2. Histogram
3. Flip-Flop Distribution
4. Detailed Control Set Information

1. Summary
----------

+----------------------------------------------------------+-------+
|                          Status                          | Count |
+----------------------------------------------------------+-------+
| Total control sets                                       |   113 |
|    Minimum number of control sets                        |   113 |
|    Addition due to synthesis replication                 |     0 |
|    Addition due to physical synthesis replication        |     0 |
| Unused register locations in slices containing registers |   282 |
+----------------------------------------------------------+-------+
* Control sets can be merged at opt_design using control_set_merge or merge_equivalent_drivers
** Run report_qor_suggestions for automated merging and remapping suggestions


2. Histogram
------------

+--------------------+-------+
|       Fanout       | Count |
+--------------------+-------+
| Total control sets |   113 |
| >= 0 to < 4        |    16 |
| >= 4 to < 6        |    15 |
| >= 6 to < 8        |     9 |
| >= 8 to < 10       |    26 |
| >= 10 to < 12      |     5 |
| >= 12 to < 14      |     1 |
| >= 14 to < 16      |     0 |
| >= 16              |    41 |
+--------------------+-------+
* Control sets can be remapped at either synth_design or opt_design


3. Flip-Flop Distribution
-------------------------

+--------------+-----------------------+------------------------+-----------------+--------------+
| Clock Enable | Synchronous Set/Reset | Asynchronous Set/Reset | Total Registers | Total Slices |
+--------------+-----------------------+------------------------+-----------------+--------------+
| No           | No                    | No                     |             389 |          116 |
| No           | No                    | Yes                    |              29 |            9 |
| No           | Yes                   | No                     |             401 |          156 |
| Yes          | No                    | No                     |             272 |           67 |
| Yes          | No                    | Yes                    |              15 |            8 |
| Yes          | Yes                   | No                     |            1068 |          337 |
+--------------+-----------------------+------------------------+-----------------+--------------+


4. Detailed Control Set Information
-----------------------------------

+--------------------------------------------------------------+----------------------------------------------------------------------------------------------------------------------------------------------------------------------------------------------------------+----------------------------------------------------------------------------------------------------------------------------------------------+------------------+----------------+
|                         Clock Signal                         |                                                                                               Enable Signal                                                                                              |                                                               Set/Reset Signal                                                               | Slice Load Count | Bel Load Count |
+--------------------------------------------------------------+----------------------------------------------------------------------------------------------------------------------------------------------------------------------------------------------------------+----------------------------------------------------------------------------------------------------------------------------------------------+------------------+----------------+
|  ublaze_i/clk_wiz_0/inst/clk_out1                            |                                                                                                                                                                                                          | ublaze_i/axi_timer_0/U0/TC_CORE_I/TIMER_CONTROL_I/R_0                                                                                        |                1 |              1 |
|  ublaze_i/clk_wiz_0/inst/clk_out1                            | ublaze_i/microblaze_0/U0/MicroBlaze_Core_I/Performance.Core/Decode_I/Use_MuxCy[3].OF_Piperun_Stage/MUXCY_I/Using_FPGA.Native_0                                                                           |                                                                                                                                              |                1 |              1 |
| ~ublaze_i/mdm_1/U0/No_Dbg_Reg_Access.BUFG_DRCK/Ext_JTAG_DRCK | ublaze_i/mdm_1/U0/MDM_Core_I1/JTAG_CONTROL_I/Use_BSCAN.FDC_I/CE                                                                                                                                          | ublaze_i/mdm_1/U0/MDM_Core_I1/JTAG_CONTROL_I/Use_BSCAN.FDC_I/D_1                                                                             |                1 |              1 |
|  ublaze_i/mdm_1/U0/Use_E2.BSCAN_I/Dbg_Update_0               | ublaze_i/microblaze_0/U0/MicroBlaze_Core_I/Performance.Core/Use_Debug_Logic.Master_Core.Debug_Perf/Control_Reg_En                                                                                        | ublaze_i/microblaze_0/U0/MicroBlaze_Core_I/Performance.Core/Use_Debug_Logic.Master_Core.Debug_Perf/Serial_Dbg_Intf.normal_stop_cmd_i_reg_n_0 |                1 |              1 |
|  ublaze_i/mdm_1/U0/Use_E2.BSCAN_I/Dbg_Update_0               | ublaze_i/microblaze_0/U0/MicroBlaze_Core_I/Performance.Core/Use_Debug_Logic.Master_Core.Debug_Perf/Control_Reg_En                                                                                        | ublaze_i/microblaze_0/U0/MicroBlaze_Core_I/Performance.Core/Use_Debug_Logic.Master_Core.Debug_Perf/Serial_Dbg_Intf.force_stop_cmd_i_reg_0    |                1 |              1 |
|  ublaze_i/mdm_1/U0/Use_E2.BSCAN_I/Dbg_Update_0               | ublaze_i/microblaze_0/U0/MicroBlaze_Core_I/Performance.Core/Use_Debug_Logic.Master_Core.Debug_Perf/Control_Reg_En                                                                                        | ublaze_i/microblaze_0/U0/MicroBlaze_Core_I/Performance.Core/Use_Debug_Logic.Master_Core.Debug_Perf/Serial_Dbg_Intf.continue_from_brk_reg_n_0 |                1 |              1 |
|  ublaze_i/clk_wiz_0/inst/clk_out1                            |                                                                                                                                                                                                          | ublaze_i/axi_timer_0/U0/TC_CORE_I/TIMER_CONTROL_I/READ_DONE1_I_i_1_n_0                                                                       |                1 |              1 |
|  ublaze_i/clk_wiz_0/inst/clk_out1                            |                                                                                                                                                                                                          | ublaze_i/axi_timer_0/U0/AXI4_LITE_I/I_SLAVE_ATTACHMENT/I_DECODER/GEN_BKEND_CE_REGISTERS[0].ce_out_i_reg[0]_0                                 |                1 |              1 |
|  ublaze_i/clk_wiz_0/inst/clk_out1                            |                                                                                                                                                                                                          | ublaze_i/axi_timer_0/U0/AXI4_LITE_I/I_SLAVE_ATTACHMENT/I_DECODER/GEN_BKEND_CE_REGISTERS[4].ce_out_i_reg[4]_0                                 |                1 |              1 |
|  ublaze_i/mdm_1/U0/Use_E2.BSCAN_I/Dbg_Update_0               | ublaze_i/microblaze_0/U0/MicroBlaze_Core_I/Performance.Core/Use_Debug_Logic.Master_Core.Debug_Perf/Control_Reg_En                                                                                        | ublaze_i/microblaze_0/U0/MicroBlaze_Core_I/Performance.Core/Use_Debug_Logic.Master_Core.Debug_Perf/start_single_step_reg_n_0                 |                1 |              1 |
|  ublaze_i/clk_wiz_0/inst/clk_out1                            |                                                                                                                                                                                                          | ublaze_i/microblaze_0/U0/MicroBlaze_Core_I/Performance.Core/Use_Debug_Logic.Master_Core.Debug_Perf/capture_1                                 |                1 |              1 |
| ~ublaze_i/mdm_1/U0/Use_E2.BSCAN_I/Dbg_Update_0               |                                                                                                                                                                                                          | ublaze_i/mdm_1/U0/MDM_Core_I1/JTAG_CONTROL_I/sel_n                                                                                           |                1 |              1 |
|  ublaze_i/mdm_1/U0/No_Dbg_Reg_Access.BUFG_DRCK/Ext_JTAG_DRCK | ublaze_i/mdm_1/U0/Use_E2.BSCAN_I/Use_BSCAN.PORT_Selector_reg[0]                                                                                                                                          | ublaze_i/mdm_1/U0/MDM_Core_I1/JTAG_CONTROL_I/sel_with_scan_reset19_out                                                                       |                1 |              1 |
|  ublaze_i/clk_wiz_0/inst/clk_out1                            | ublaze_i/microblaze_0/U0/MicroBlaze_Core_I/Performance.Core/Decode_I/Use_MuxCy[11].OF_Piperun_Stage/MUXCY_I/of_pause_reg                                                                                 |                                                                                                                                              |                1 |              2 |
|  ublaze_i/mdm_1/U0/Use_E2.BSCAN_I/Dbg_Update_0               | ublaze_i/microblaze_0/U0/MicroBlaze_Core_I/Performance.Core/Use_Debug_Logic.Master_Core.Debug_Perf/Command_Reg_En                                                                                        | ublaze_i/microblaze_0/U0/MicroBlaze_Core_I/Performance.Core/Use_Debug_Logic.Master_Core.Debug_Perf/command_reg_clear                         |                1 |              2 |
|  ublaze_i/mdm_1/U0/Use_E2.BSCAN_I/Dbg_Update_0               |                                                                                                                                                                                                          |                                                                                                                                              |                2 |              3 |
|  ublaze_i/clk_wiz_0/inst/clk_out1                            |                                                                                                                                                                                                          | ublaze_i/microblaze_0_axi_intc/U0/AXI_LITE_IPIF_I/I_SLAVE_ATTACHMENT/INCLUDE_DPHASE_TIMER.dpto_cnt[3]_i_1_n_0                                |                1 |              4 |
|  ublaze_i/mdm_1/U0/No_Dbg_Reg_Access.BUFG_DRCK/Ext_JTAG_DRCK | ublaze_i/mdm_1/U0/MDM_Core_I1/p_3_out                                                                                                                                                                    | ublaze_i/mdm_1/U0/Use_E2.BSCAN_I/AR[0]                                                                                                       |                1 |              4 |
| ~ublaze_i/mdm_1/U0/Use_E2.BSCAN_I/Dbg_Update_0               |                                                                                                                                                                                                          | ublaze_i/mdm_1/U0/Use_E2.BSCAN_I/AR[0]                                                                                                       |                1 |              4 |
|  ublaze_i/clk_wiz_0/inst/clk_out1                            |                                                                                                                                                                                                          | ublaze_i/axi_gpio_2/U0/AXI_LITE_IPIF_I/I_SLAVE_ATTACHMENT/clear                                                                              |                1 |              4 |
|  ublaze_i/clk_wiz_0/inst/clk_out1                            | ublaze_i/axi_gpio_2/U0/AXI_LITE_IPIF_I/I_SLAVE_ATTACHMENT/bus2ip_addr_i[8]_i_1_n_0                                                                                                                       | ublaze_i/axi_gpio_2/U0/AXI_LITE_IPIF_I/I_SLAVE_ATTACHMENT/SR[0]                                                                              |                2 |              4 |
|  ublaze_i/clk_wiz_0/inst/clk_out1                            | ublaze_i/axi_gpio_2/U0/AXI_LITE_IPIF_I/I_SLAVE_ATTACHMENT/start2                                                                                                                                         | ublaze_i/axi_gpio_2/U0/AXI_LITE_IPIF_I/I_SLAVE_ATTACHMENT/I_DECODER/cs_ce_clr                                                                |                1 |              4 |
|  ublaze_i/clk_wiz_0/inst/clk_out1                            | ublaze_i/axi_uartlite_0/U0/AXI_LITE_IPIF_I/I_SLAVE_ATTACHMENT/start2                                                                                                                                     | ublaze_i/axi_uartlite_0/U0/AXI_LITE_IPIF_I/I_SLAVE_ATTACHMENT/I_DECODER/cs_ce_clr                                                            |                1 |              4 |
|  ublaze_i/clk_wiz_0/inst/clk_out1                            | ublaze_i/axi_timer_0/U0/AXI4_LITE_I/I_SLAVE_ATTACHMENT/I_DECODER/pair0_Select                                                                                                                            | ublaze_i/axi_timer_0/U0/TC_CORE_I/GEN_SECOND_TIMER.COUNTER_1_I/COUNTER_I/s_axi_aresetn_0                                                     |                2 |              4 |
|  ublaze_i/mdm_1/U0/Use_E2.BSCAN_I/Dbg_Update_0               | ublaze_i/mdm_1/U0/MDM_Core_I1/MDM_SEL                                                                                                                                                                    | ublaze_i/mdm_1/U0/Use_E2.BSCAN_I/AR[0]                                                                                                       |                1 |              4 |
|  ublaze_i/clk_wiz_0/inst/clk_out1                            |                                                                                                                                                                                                          | ublaze_i/microblaze_0/U0/MicroBlaze_Core_I/Performance.Core/Decode_I/flush_pipe                                                              |                2 |              4 |
|  ublaze_i/clk_wiz_0/inst/clk_out1                            | ublaze_i/axi_timer_0/U0/AXI4_LITE_I/I_SLAVE_ATTACHMENT/bus2ip_addr_i[4]_i_1_n_0                                                                                                                          | ublaze_i/axi_timer_0/U0/AXI4_LITE_I/I_SLAVE_ATTACHMENT/rst                                                                                   |                2 |              4 |
|  ublaze_i/clk_wiz_0/inst/clk_out1                            | ublaze_i/axi_uartlite_0/U0/UARTLITE_CORE_I/BAUD_RATE_I/p_2_out[0]                                                                                                                                        |                                                                                                                                              |                1 |              4 |
|  ublaze_i/clk_wiz_0/inst/clk_out1                            | ublaze_i/microblaze_0/U0/MicroBlaze_Core_I/Performance.Core/Decode_I/wb_Halted                                                                                                                           | ublaze_i/microblaze_0/U0/MicroBlaze_Core_I/sync_reset                                                                                        |                3 |              5 |
|  ublaze_i/clk_wiz_0/inst/clk_out1                            |                                                                                                                                                                                                          | ublaze_i/rst_clk_wiz_0_100M/U0/EXT_LPF/lpf_int                                                                                               |                3 |              5 |
|  ublaze_i/mdm_1/U0/Use_E2.BSCAN_I/Dbg_Update_0               | ublaze_i/microblaze_0/U0/MicroBlaze_Core_I/Performance.Core/Use_Debug_Logic.Master_Core.Debug_Perf/Control_Reg_En                                                                                        |                                                                                                                                              |                1 |              5 |
|  ublaze_i/mdm_1/U0/No_Dbg_Reg_Access.BUFG_DRCK/Ext_JTAG_DRCK | ublaze_i/mdm_1/U0/Use_E2.BSCAN_I/E[0]                                                                                                                                                                    |                                                                                                                                              |                1 |              6 |
|  ublaze_i/clk_wiz_0/inst/clk_out1                            |                                                                                                                                                                                                          | ublaze_i/axi_timer_0/U0/AXI4_LITE_I/I_SLAVE_ATTACHMENT/INCLUDE_DPHASE_TIMER.dpto_cnt[5]_i_1_n_0                                              |                2 |              6 |
|  ublaze_i/mdm_1/U0/No_Dbg_Reg_Access.BUFG_DRCK/Ext_JTAG_DRCK | ublaze_i/mdm_1/U0/MDM_Core_I1/JTAG_CONTROL_I/Use_BSCAN.FDC_I/Use_BSCAN.command_reg[5][0]                                                                                                                 |                                                                                                                                              |                1 |              6 |
|  ublaze_i/clk_wiz_0/inst/clk_out1                            |                                                                                                                                                                                                          | ublaze_i/axi_uartlite_0/U0/UARTLITE_CORE_I/UARTLITE_TX_I/SRL_FIFO_I/I_SRL_FIFO_RBU_F/CNTR_INCR_DECR_ADDN_F_I/SS[0]                           |                2 |              6 |
|  ublaze_i/clk_wiz_0/inst/clk_out1                            |                                                                                                                                                                                                          | ublaze_i/axi_uartlite_0/U0/UARTLITE_CORE_I/UARTLITE_RX_I/SRL_FIFO_I/I_SRL_FIFO_RBU_F/CNTR_INCR_DECR_ADDN_F_I/SS[0]                           |                3 |              6 |
|  ublaze_i/mdm_1/U0/No_Dbg_Reg_Access.BUFG_DRCK/Ext_JTAG_DRCK | ublaze_i/mdm_1/U0/Use_E2.BSCAN_I/Use_BSCAN.command_reg[5][0]                                                                                                                                             |                                                                                                                                              |                2 |              6 |
|  ublaze_i/clk_wiz_0/inst/clk_out1                            | ublaze_i/rst_clk_wiz_0_100M/U0/SEQ/seq_cnt_en                                                                                                                                                            | ublaze_i/rst_clk_wiz_0_100M/U0/SEQ/SEQ_COUNTER/clear                                                                                         |                1 |              6 |
|  ublaze_i/clk_wiz_0/inst/clk_out1                            | ublaze_i/axi_uartlite_0/U0/UARTLITE_CORE_I/BAUD_RATE_I/p_2_out[0]                                                                                                                                        | ublaze_i/axi_uartlite_0/U0/UARTLITE_CORE_I/UARTLITE_RX_I/SERIAL_TO_PARALLEL[8].fifo_din[8]_i_1_n_0                                           |                2 |              7 |
|  ublaze_i/clk_wiz_0/inst/clk_out1                            | ublaze_i/axi_timer_0/U0/AXI4_LITE_I/I_SLAVE_ATTACHMENT/start2                                                                                                                                            | ublaze_i/axi_timer_0/U0/AXI4_LITE_I/I_SLAVE_ATTACHMENT/I_DECODER/cs_ce_clr                                                                   |                2 |              7 |
|  ublaze_i/clk_wiz_0/inst/clk_out1                            | ublaze_i/SEG7_0/U0/SEG7_v1_0_S00_AXI_inst/slv_reg1[23]_i_1_n_0                                                                                                                                           | ublaze_i/SEG7_0/U0/SEG7_v1_0_S00_AXI_inst/axi_awready_i_1_n_0                                                                                |                1 |              8 |
|  ublaze_i/clk_wiz_0/inst/clk_out1                            | ublaze_i/SEG7_0/U0/SEG7_v1_0_S00_AXI_inst/slv_reg0[7]_i_1_n_0                                                                                                                                            | ublaze_i/SEG7_0/U0/SEG7_v1_0_S00_AXI_inst/axi_awready_i_1_n_0                                                                                |                2 |              8 |
|  ublaze_i/clk_wiz_0/inst/clk_out1                            | ublaze_i/SEG7_0/U0/SEG7_v1_0_S00_AXI_inst/slv_reg2[15]_i_1_n_0                                                                                                                                           | ublaze_i/SEG7_0/U0/SEG7_v1_0_S00_AXI_inst/axi_awready_i_1_n_0                                                                                |                1 |              8 |
|  ublaze_i/clk_wiz_0/inst/clk_out1                            | ublaze_i/SEG7_0/U0/SEG7_v1_0_S00_AXI_inst/slv_reg2[31]_i_1_n_0                                                                                                                                           | ublaze_i/SEG7_0/U0/SEG7_v1_0_S00_AXI_inst/axi_awready_i_1_n_0                                                                                |                1 |              8 |
|  ublaze_i/clk_wiz_0/inst/clk_out1                            | ublaze_i/SEG7_0/U0/SEG7_v1_0_S00_AXI_inst/slv_reg2[7]_i_1_n_0                                                                                                                                            | ublaze_i/SEG7_0/U0/SEG7_v1_0_S00_AXI_inst/axi_awready_i_1_n_0                                                                                |                1 |              8 |
|  ublaze_i/clk_wiz_0/inst/clk_out1                            | ublaze_i/SEG7_0/U0/SEG7_v1_0_S00_AXI_inst/p_1_in[31]                                                                                                                                                     | ublaze_i/SEG7_0/U0/SEG7_v1_0_S00_AXI_inst/axi_awready_i_1_n_0                                                                                |                1 |              8 |
|  ublaze_i/clk_wiz_0/inst/clk_out1                            | ublaze_i/SEG7_0/U0/SEG7_v1_0_S00_AXI_inst/p_1_in[23]                                                                                                                                                     | ublaze_i/SEG7_0/U0/SEG7_v1_0_S00_AXI_inst/axi_awready_i_1_n_0                                                                                |                1 |              8 |
|  ublaze_i/clk_wiz_0/inst/clk_out1                            | ublaze_i/SEG7_0/U0/SEG7_v1_0_S00_AXI_inst/p_1_in[15]                                                                                                                                                     | ublaze_i/SEG7_0/U0/SEG7_v1_0_S00_AXI_inst/axi_awready_i_1_n_0                                                                                |                1 |              8 |
|  ublaze_i/clk_wiz_0/inst/clk_out1                            | ublaze_i/SEG7_0/U0/SEG7_v1_0_S00_AXI_inst/p_1_in[7]                                                                                                                                                      | ublaze_i/SEG7_0/U0/SEG7_v1_0_S00_AXI_inst/axi_awready_i_1_n_0                                                                                |                2 |              8 |
| ~ublaze_i/mdm_1/U0/Use_E2.BSCAN_I/Dbg_Update_0               | ublaze_i/mdm_1/U0/MDM_Core_I1/JTAG_CONTROL_I/Use_BSCAN.command[0]_i_1_n_0                                                                                                                                |                                                                                                                                              |                3 |              8 |
|  ublaze_i/mdm_1/U0/No_Dbg_Reg_Access.BUFG_DRCK/Ext_JTAG_DRCK | ublaze_i/mdm_1/U0/MDM_Core_I1/JTAG_CONTROL_I/tdi_shifter0                                                                                                                                                |                                                                                                                                              |                1 |              8 |
|  ublaze_i/clk_wiz_0/inst/clk_out1                            | ublaze_i/axi_uartlite_0/U0/AXI_LITE_IPIF_I/I_SLAVE_ATTACHMENT/I_DECODER/fifo_wr                                                                                                                          |                                                                                                                                              |                1 |              8 |
|  ublaze_i/clk_wiz_0/inst/clk_out1                            | ublaze_i/axi_uartlite_0/U0/UARTLITE_CORE_I/UARTLITE_RX_I/SRL_FIFO_I/I_SRL_FIFO_RBU_F/DYNSHREG_F_I/fifo_wr                                                                                                |                                                                                                                                              |                1 |              8 |
|  ublaze_i/mdm_1/U0/No_Dbg_Reg_Access.BUFG_DRCK/Ext_JTAG_DRCK | ublaze_i/microblaze_0/U0/MicroBlaze_Core_I/Performance.Core/Use_Debug_Logic.Master_Core.Debug_Perf/Using_PC_Breakpoints.All_PC_Brks[0].Serial_Interface_1.address_hit_I/Compare[0].SRLC16E_I/which_pc__0 |                                                                                                                                              |                7 |              8 |
|  ublaze_i/clk_wiz_0/inst/clk_out1                            | ublaze_i/microblaze_0_axi_intc/U0/AXI_LITE_IPIF_I/I_SLAVE_ATTACHMENT/bus2ip_addr_i[8]_i_1_n_0                                                                                                            | ublaze_i/microblaze_0_axi_intc/U0/AXI_LITE_IPIF_I/I_SLAVE_ATTACHMENT/rst                                                                     |                3 |              8 |
|  ublaze_i/clk_wiz_0/inst/clk_out1                            | ublaze_i/axi_uartlite_0/U0/AXI_LITE_IPIF_I/I_SLAVE_ATTACHMENT/s_axi_rresp_i                                                                                                                              | ublaze_i/axi_uartlite_0/U0/AXI_LITE_IPIF_I/I_SLAVE_ATTACHMENT/rst                                                                            |                2 |              8 |
|  ublaze_i/clk_wiz_0/inst/clk_out1                            | ublaze_i/axi_timer_0/U0/AXI4_LITE_I/I_SLAVE_ATTACHMENT/I_DECODER/bus2ip_wrce[0]                                                                                                                          | ublaze_i/axi_timer_0/U0/TC_CORE_I/GEN_SECOND_TIMER.COUNTER_1_I/COUNTER_I/s_axi_aresetn_0                                                     |                2 |              8 |
|  ublaze_i/clk_wiz_0/inst/clk_out1                            | ublaze_i/SEG7_0/U0/SEG7_v1_0_S00_AXI_inst/slv_reg0[31]_i_1_n_0                                                                                                                                           | ublaze_i/SEG7_0/U0/SEG7_v1_0_S00_AXI_inst/axi_awready_i_1_n_0                                                                                |                2 |              8 |
|  ublaze_i/clk_wiz_0/inst/clk_out1                            | ublaze_i/SEG7_0/U0/SEG7_v1_0_S00_AXI_inst/slv_reg1[15]_i_1_n_0                                                                                                                                           | ublaze_i/SEG7_0/U0/SEG7_v1_0_S00_AXI_inst/axi_awready_i_1_n_0                                                                                |                1 |              8 |
|  ublaze_i/clk_wiz_0/inst/clk_out1                            | ublaze_i/SEG7_0/U0/SEG7_v1_0_S00_AXI_inst/slv_reg1[7]_i_1_n_0                                                                                                                                            | ublaze_i/SEG7_0/U0/SEG7_v1_0_S00_AXI_inst/axi_awready_i_1_n_0                                                                                |                1 |              8 |
|  ublaze_i/clk_wiz_0/inst/clk_out1                            | ublaze_i/SEG7_0/U0/SEG7_v1_0_S00_AXI_inst/slv_reg1[31]_i_1_n_0                                                                                                                                           | ublaze_i/SEG7_0/U0/SEG7_v1_0_S00_AXI_inst/axi_awready_i_1_n_0                                                                                |                2 |              8 |
|  ublaze_i/clk_wiz_0/inst/clk_out1                            | ublaze_i/SEG7_0/U0/SEG7_v1_0_S00_AXI_inst/slv_reg2[23]_i_1_n_0                                                                                                                                           | ublaze_i/SEG7_0/U0/SEG7_v1_0_S00_AXI_inst/axi_awready_i_1_n_0                                                                                |                1 |              8 |
|  ublaze_i/clk_wiz_0/inst/clk_out1                            | ublaze_i/SEG7_0/U0/SEG7_v1_0_S00_AXI_inst/slv_reg0[15]_i_1_n_0                                                                                                                                           | ublaze_i/SEG7_0/U0/SEG7_v1_0_S00_AXI_inst/axi_awready_i_1_n_0                                                                                |                1 |              8 |
|  ublaze_i/clk_wiz_0/inst/clk_out1                            | ublaze_i/SEG7_0/U0/SEG7_v1_0_S00_AXI_inst/slv_reg0[23]_i_1_n_0                                                                                                                                           | ublaze_i/SEG7_0/U0/SEG7_v1_0_S00_AXI_inst/axi_awready_i_1_n_0                                                                                |                1 |              8 |
|  ublaze_i/mdm_1/U0/Use_E2.BSCAN_I/Dbg_Update_0               | ublaze_i/mdm_1/U0/MDM_Core_I1/JTAG_CONTROL_I/Use_BSCAN.FDC_I/Use_BSCAN.PORT_Selector_reg[2][0]                                                                                                           |                                                                                                                                              |                1 |              8 |
|  ublaze_i/clk_wiz_0/inst/clk_out1                            | ublaze_i/axi_timer_0/U0/AXI4_LITE_I/I_SLAVE_ATTACHMENT/I_DECODER/bus2ip_wrce[1]                                                                                                                          | ublaze_i/axi_timer_0/U0/TC_CORE_I/GEN_SECOND_TIMER.COUNTER_1_I/COUNTER_I/s_axi_aresetn_0                                                     |                3 |              9 |
|  ublaze_i/clk_wiz_0/inst/clk_out1                            |                                                                                                                                                                                                          | ublaze_i/axi_uartlite_0/U0/AXI_LITE_IPIF_I/I_SLAVE_ATTACHMENT/rst                                                                            |                4 |             10 |
|  ublaze_i/mdm_1/U0/No_Dbg_Reg_Access.BUFG_DRCK/Ext_JTAG_DRCK | ublaze_i/mdm_1/U0/MDM_Core_I1/JTAG_CONTROL_I/Use_BSCAN.FDC_I/E[0]                                                                                                                                        |                                                                                                                                              |                4 |             10 |
|  ublaze_i/clk_wiz_0/inst/clk_out1                            |                                                                                                                                                                                                          | ublaze_i/SEG7_0/U0/SEG7_v1_0_S00_AXI_inst/axi_awready_i_1_n_0                                                                                |                5 |             10 |
|  ublaze_i/clk_wiz_0/inst/clk_out1                            |                                                                                                                                                                                                          | ublaze_i/axi_timer_0/U0/AXI4_LITE_I/I_SLAVE_ATTACHMENT/rst                                                                                   |                4 |             11 |
|  ublaze_i/clk_wiz_0/inst/clk_out1                            |                                                                                                                                                                                                          | ublaze_i/microblaze_0_axi_intc/U0/AXI_LITE_IPIF_I/I_SLAVE_ATTACHMENT/rst                                                                     |                4 |             11 |
|  ublaze_i/clk_wiz_0/inst/clk_out1                            |                                                                                                                                                                                                          | ublaze_i/axi_timer_0/U0/TC_CORE_I/GEN_SECOND_TIMER.COUNTER_1_I/COUNTER_I/s_axi_aresetn_0                                                     |                6 |             12 |
|  ublaze_i/clk_wiz_0/inst/clk_out1                            |                                                                                                                                                                                                          | ublaze_i/axi_gpio_2/U0/AXI_LITE_IPIF_I/I_SLAVE_ATTACHMENT/I_DECODER/bus2ip_rnw_i_reg_0                                                       |                5 |             16 |
|  ublaze_i/clk_wiz_0/inst/clk_out1                            |                                                                                                                                                                                                          | ublaze_i/microblaze_0_axi_periph/xbar/inst/gen_sasd.crossbar_sasd_0/addr_arbiter_inst/SR[0]                                                  |                8 |             16 |
|  ublaze_i/clk_wiz_0/inst/clk_out1                            | ublaze_i/microblaze_0/U0/MicroBlaze_Core_I/Performance.Core/Decode_I/PreFetch_Buffer_I1/Instruction_Prefetch_Mux[4].Gen_Instr_DFF/Using_FPGA.Native_1[0]                                                 | ublaze_i/microblaze_0/U0/MicroBlaze_Core_I/sync_reset                                                                                        |                7 |             16 |
|  ublaze_i/clk_wiz_0/inst/clk_out1                            | ublaze_i/axi_gpio_2/U0/AXI_LITE_IPIF_I/I_SLAVE_ATTACHMENT/I_DECODER/bus2ip_rnw_i_reg[0]                                                                                                                  | ublaze_i/axi_gpio_2/U0/AXI_LITE_IPIF_I/I_SLAVE_ATTACHMENT/SR[0]                                                                              |                4 |             16 |
|  ublaze_i/clk_wiz_0/inst/clk_out1                            | ublaze_i/axi_gpio_2/U0/AXI_LITE_IPIF_I/I_SLAVE_ATTACHMENT/s_axi_rresp_i                                                                                                                                  | ublaze_i/axi_gpio_2/U0/AXI_LITE_IPIF_I/I_SLAVE_ATTACHMENT/SR[0]                                                                              |                4 |             17 |
|  ublaze_i/clk_wiz_0/inst/clk_out1                            | ublaze_i/microblaze_0_axi_intc/U0/AXI_LITE_IPIF_I/I_SLAVE_ATTACHMENT/start2                                                                                                                              | ublaze_i/microblaze_0_axi_intc/U0/AXI_LITE_IPIF_I/I_SLAVE_ATTACHMENT/I_DECODER/cs_ce_clr                                                     |                6 |             19 |
|  ublaze_i/clk_wiz_0/inst/clk_out1                            | ublaze_i/microblaze_0/U0/MicroBlaze_Core_I/Performance.Core/Decode_I/mem_wait_on_ready_N_carry_or/MUXCY_I/lopt_1                                                                                         | ublaze_i/microblaze_0/U0/MicroBlaze_Core_I/sync_reset                                                                                        |                8 |             21 |
|  ublaze_i/mdm_1/U0/No_Dbg_Reg_Access.BUFG_DRCK/Ext_JTAG_DRCK |                                                                                                                                                                                                          | ublaze_i/mdm_1/U0/Use_E2.BSCAN_I/shift_n_reset1_out                                                                                          |                6 |             23 |
|  ublaze_i/clk_wiz_0/inst/clk_out1                            | ublaze_i/microblaze_0_axi_periph/xbar/inst/gen_sasd.crossbar_sasd_0/addr_arbiter_inst/p_0_in1_in                                                                                                         | ublaze_i/microblaze_0_axi_periph/xbar/inst/gen_sasd.crossbar_sasd_0/addr_arbiter_inst/SR[0]                                                  |                7 |             23 |
|  ublaze_i/clk_wiz_0/inst/clk_out1                            |                                                                                                                                                                                                          | ublaze_i/microblaze_0_axi_intc/U0/INTC_CORE_I/SR[0]                                                                                          |                8 |             26 |
|  ublaze_i/clk_wiz_0/inst/clk_out1                            | ublaze_i/axi_uartlite_0/U0/UARTLITE_CORE_I/BAUD_RATE_I/p_2_out[0]                                                                                                                                        | ublaze_i/axi_uartlite_0/U0/UARTLITE_CORE_I/UARTLITE_RX_I/s_axi_aresetn_0                                                                     |                5 |             28 |
|  ublaze_i/clk_wiz_0/inst/clk_out1                            |                                                                                                                                                                                                          | ublaze_i/axi_uartlite_0/U0/UARTLITE_CORE_I/UARTLITE_RX_I/s_axi_aresetn_0                                                                     |               10 |             30 |
|  ublaze_i/clk_wiz_0/inst/clk_out1                            |                                                                                                                                                                                                          | ublaze_i/axi_gpio_2/U0/AXI_LITE_IPIF_I/I_SLAVE_ATTACHMENT/SR[0]                                                                              |               10 |             32 |
|  ublaze_i/clk_wiz_0/inst/clk_out1                            |                                                                                                                                                                                                          | ublaze_i/microblaze_0/U0/MicroBlaze_Core_I/Performance.Core/p_1_out                                                                          |               14 |             32 |
|  ublaze_i/clk_wiz_0/inst/clk_out1                            | ublaze_i/microblaze_0/U0/MicroBlaze_Core_I/Performance.Core/Decode_I/mem_wait_on_ready_N_carry_or/MUXCY_I/lopt_1                                                                                         | ublaze_i/microblaze_0/U0/MicroBlaze_Core_I/Performance.Core/Decode_I/SR[0]                                                                   |                9 |             32 |
|  ublaze_i/clk_wiz_0/inst/clk_out1                            | ublaze_i/microblaze_0/U0/MicroBlaze_Core_I/Performance.Core/Decode_I/Use_MuxCy[3].OF_Piperun_Stage/MUXCY_I/Using_FPGA.Native_0                                                                           | ublaze_i/microblaze_0/U0/MicroBlaze_Core_I/Performance.Core/Decode_I/R                                                                       |                9 |             32 |
|  ublaze_i/clk_wiz_0/inst/clk_out1                            | ublaze_i/microblaze_0/U0/MicroBlaze_Core_I/Performance.Core/Decode_I/Use_MuxCy[3].OF_Piperun_Stage/MUXCY_I/wb_exception_i_reg_0[0]                                                                       | ublaze_i/microblaze_0/U0/MicroBlaze_Core_I/sync_reset                                                                                        |                6 |             32 |
|  ublaze_i/clk_wiz_0/inst/clk_out1                            | ublaze_i/SEG7_0/U0/SEG7_v1_0_S00_AXI_inst/slv_reg_rden                                                                                                                                                   | ublaze_i/SEG7_0/U0/SEG7_v1_0_S00_AXI_inst/axi_awready_i_1_n_0                                                                                |               12 |             32 |
|  ublaze_i/mdm_1/U0/No_Dbg_Reg_Access.BUFG_DRCK/Ext_JTAG_DRCK | ublaze_i/microblaze_0/U0/MicroBlaze_Core_I/Performance.Core/Use_Debug_Logic.Master_Core.Debug_Perf/New_Dbg_Instr_TCK                                                                                     |                                                                                                                                              |                9 |             32 |
|  ublaze_i/clk_wiz_0/inst/clk_out1                            | ublaze_i/microblaze_0_axi_periph/xbar/inst/gen_sasd.crossbar_sasd_0/addr_arbiter_inst/s_axi_rvalid[0]                                                                                                    | ublaze_i/microblaze_0/U0/MicroBlaze_Core_I/sync_reset                                                                                        |               10 |             32 |
|  ublaze_i/clk_wiz_0/inst/clk_out1                            | ublaze_i/microblaze_0_axi_periph/xbar/inst/gen_sasd.crossbar_sasd_0/reg_slice_r/aa_rready                                                                                                                |                                                                                                                                              |                7 |             32 |
|  ublaze_i/clk_wiz_0/inst/clk_out1                            | ublaze_i/microblaze_0/U0/MicroBlaze_Core_I/Performance.Core/Decode_I/PreFetch_Buffer_I1/Gen_Mux_Select_LUT6[2].Gen_Sel_DFF/Using_FPGA.Native_0[0]                                                        | ublaze_i/microblaze_0/U0/MicroBlaze_Core_I/sync_reset                                                                                        |                6 |             32 |
|  ublaze_i/clk_wiz_0/inst/clk_out1                            | ublaze_i/microblaze_0_axi_intc/U0/AXI_LITE_IPIF_I/I_SLAVE_ATTACHMENT/s_axi_rresp_i                                                                                                                       | ublaze_i/microblaze_0_axi_intc/U0/AXI_LITE_IPIF_I/I_SLAVE_ATTACHMENT/rst                                                                     |               12 |             32 |
|  ublaze_i/clk_wiz_0/inst/clk_out1                            | ublaze_i/axi_timer_0/U0/AXI4_LITE_I/I_SLAVE_ATTACHMENT/s_axi_rresp_i                                                                                                                                     | ublaze_i/axi_timer_0/U0/AXI4_LITE_I/I_SLAVE_ATTACHMENT/rst                                                                                   |               32 |             32 |
|  ublaze_i/clk_wiz_0/inst/clk_out1                            | ublaze_i/microblaze_0_axi_intc/U0/INTC_CORE_I/irq                                                                                                                                                        |                                                                                                                                              |                7 |             32 |
|  ublaze_i/clk_wiz_0/inst/clk_out1                            | ublaze_i/axi_timer_0/U0/TC_CORE_I/TIMER_CONTROL_I/INPUT_DOUBLE_REGS3/generateOutPre0_reg                                                                                                                 | ublaze_i/axi_timer_0/U0/TC_CORE_I/GEN_SECOND_TIMER.COUNTER_1_I/COUNTER_I/s_axi_aresetn_0                                                     |                6 |             32 |
|  ublaze_i/clk_wiz_0/inst/clk_out1                            | ublaze_i/axi_timer_0/U0/TC_CORE_I/TIMER_CONTROL_I/INPUT_DOUBLE_REGS3/TCSR0_GENERATE[20].TCSR0_FF_I                                                                                                       | ublaze_i/axi_timer_0/U0/TC_CORE_I/GEN_SECOND_TIMER.COUNTER_1_I/COUNTER_I/s_axi_aresetn_0                                                     |                5 |             32 |
|  ublaze_i/clk_wiz_0/inst/clk_out1                            | ublaze_i/axi_timer_0/U0/TC_CORE_I/TIMER_CONTROL_I/CE                                                                                                                                                     | ublaze_i/axi_timer_0/U0/TC_CORE_I/GEN_SECOND_TIMER.COUNTER_1_I/COUNTER_I/s_axi_aresetn_0                                                     |               11 |             32 |
|  ublaze_i/clk_wiz_0/inst/clk_out1                            | ublaze_i/axi_timer_0/U0/TC_CORE_I/TIMER_CONTROL_I/CE_0                                                                                                                                                   | ublaze_i/axi_timer_0/U0/TC_CORE_I/GEN_SECOND_TIMER.COUNTER_1_I/COUNTER_I/s_axi_aresetn_0                                                     |               11 |             32 |
|  ublaze_i/clk_wiz_0/inst/clk_out1                            | ublaze_i/microblaze_0/U0/MicroBlaze_Core_I/Performance.Core/Use_Debug_Logic.Master_Core.Debug_Perf/data_rd_reg[0]_i_1_n_0                                                                                | ublaze_i/microblaze_0/U0/MicroBlaze_Core_I/sync_reset                                                                                        |               11 |             32 |
|  ublaze_i/clk_wiz_0/inst/clk_out1                            | ublaze_i/microblaze_0_axi_periph/xbar/inst/gen_sasd.crossbar_sasd_0/addr_arbiter_inst/E[0]                                                                                                               |                                                                                                                                              |                7 |             33 |
|  ublaze_i/clk_wiz_0/inst/clk_out1                            | ublaze_i/microblaze_0/U0/MicroBlaze_Core_I/Performance.Core/Decode_I/mem_wait_on_ready_N_carry_or/MUXCY_I/lopt_1                                                                                         |                                                                                                                                              |                7 |             34 |
|  ublaze_i/mdm_1/U0/No_Dbg_Reg_Access.BUFG_DRCK/Ext_JTAG_DRCK | ublaze_i/mdm_1/U0/Use_E2.BSCAN_I/Use_BSCAN.PORT_Selector_reg[0]                                                                                                                                          |                                                                                                                                              |               13 |             47 |
|  ublaze_i/clk_wiz_0/inst/clk_out1                            | ublaze_i/microblaze_0_axi_intc/U0/AXI_LITE_IPIF_I/I_SLAVE_ATTACHMENT/I_DECODER/bus2ip_wrce[0]                                                                                                            |                                                                                                                                              |                8 |             64 |
|  ublaze_i/clk_wiz_0/inst/clk_out1                            | ublaze_i/microblaze_0/U0/MicroBlaze_Core_I/Performance.Core/Decode_I/PreFetch_Buffer_I1/Instruction_Prefetch_Mux[42].Instr_Mux_MUXF7/IReady_0                                                            |                                                                                                                                              |               10 |             75 |
|  ublaze_i/mdm_1/U0/No_Dbg_Reg_Access.BUFG_DRCK/Ext_JTAG_DRCK |                                                                                                                                                                                                          |                                                                                                                                              |               21 |             80 |
|  ublaze_i/clk_wiz_0/inst/clk_out1                            | ublaze_i/microblaze_0/U0/MicroBlaze_Core_I/Performance.Core/Decode_I/Use_MuxCy[3].OF_Piperun_Stage/MUXCY_I/Using_FPGA.Native_0                                                                           | ublaze_i/microblaze_0/U0/MicroBlaze_Core_I/sync_reset                                                                                        |               36 |             84 |
|  ublaze_i/clk_wiz_0/inst/clk_out1                            | ublaze_i/microblaze_0/U0/MicroBlaze_Core_I/Performance.Core/Decode_I/Performance_Debug_Control.dbg_state_nohalt_reg[27]                                                                                  |                                                                                                                                              |               16 |            128 |
|  ublaze_i/clk_wiz_0/inst/clk_out1                            |                                                                                                                                                                                                          | ublaze_i/microblaze_0/U0/MicroBlaze_Core_I/sync_reset                                                                                        |               60 |            156 |
|  ublaze_i/clk_wiz_0/inst/clk_out1                            | ublaze_i/microblaze_0/U0/MicroBlaze_Core_I/Performance.Core/Decode_I/Use_MuxCy[11].OF_Piperun_Stage/MUXCY_I/of_pause_reg                                                                                 | ublaze_i/microblaze_0/U0/MicroBlaze_Core_I/sync_reset                                                                                        |               73 |            221 |
|  ublaze_i/clk_wiz_0/inst/clk_out1                            |                                                                                                                                                                                                          |                                                                                                                                              |               97 |            323 |
+--------------------------------------------------------------+----------------------------------------------------------------------------------------------------------------------------------------------------------------------------------------------------------+----------------------------------------------------------------------------------------------------------------------------------------------+------------------+----------------+


